#
# There is insufficient memory for the Java Runtime Environment to continue.
# Native memory allocation (mmap) failed to map 65536 bytes for Failed to commit area from 0x000001e96a730000 to 0x000001e96a740000 of length 65536.
# Possible reasons:
#   The system is out of physical RAM or swap space
#   The process is running with CompressedOops enabled, and the Java Heap may be blocking the growth of the native heap
# Possible solutions:
#   Reduce memory load on the system
#   Increase physical memory or swap space
#   Check if swap backing store is full
#   Decrease Java heap size (-Xmx/-Xms)
#   Decrease number of Java threads
#   Decrease Java thread stack sizes (-Xss)
#   Set larger code cache with -XX:ReservedCodeCacheSize=
# This output file may be truncated or incomplete.
#
#  Out of Memory Error (./src/hotspot/os/windows/os_windows.cpp:3619), pid=11756, tid=18228
#
# JRE version:  (11.0.13) (build )
# Java VM: OpenJDK 64-Bit Server VM (11.0.13+0-b1751.21-8125866, mixed mode, sharing, tiered, compressed oops, g1 gc, windows-amd64)
# No core dump will be written. Minidumps are not enabled by default on client versions of Windows
#

---------------  S U M M A R Y ------------

Command Line: org.jetbrains.kotlin.cli.jvm.K2JVMCompiler @D:\Projects\Android-Studio\RecyclerViewkotlin\app\build\20221205_6826007374331763993.compiler.options

Host: Intel(R) Core(TM) i7-8565U CPU @ 1.80GHz, 8 cores, 15G,  Windows 10 , 64 bit Build 19041 (10.0.19041.2251)
Time: Mon Dec  5 15:37:19 2022 SE Asia Standard Time elapsed time: 0.011171 seconds (0d 0h 0m 0s)

---------------  T H R E A D  ---------------

Current thread (0x000001e953f4e000):  JavaThread "Unknown thread" [_thread_in_vm, id=18228, stack(0x0000005ab5700000,0x0000005ab5800000)]

Stack: [0x0000005ab5700000,0x0000005ab5800000]
Native frames: (J=compiled Java code, j=interpreted, Vv=VM code, C=native code)
V  [jvm.dll+0x6100fa]
V  [jvm.dll+0x747090]
V  [jvm.dll+0x7486ad]
V  [jvm.dll+0x748d83]
V  [jvm.dll+0x24ab48]
V  [jvm.dll+0x60d164]
V  [jvm.dll+0x601e75]
V  [jvm.dll+0x308bdb]
V  [jvm.dll+0x308b4a]
V  [jvm.dll+0x308a22]
V  [jvm.dll+0x30da95]
V  [jvm.dll+0x3570a5]
V  [jvm.dll+0x357796]
V  [jvm.dll+0x357193]
V  [jvm.dll+0x2e3448]
V  [jvm.dll+0x2e45f7]
V  [jvm.dll+0x7242e7]
V  [jvm.dll+0x725adc]
V  [jvm.dll+0x364629]
V  [jvm.dll+0x707cee]
V  [jvm.dll+0x3d2633]
V  [jvm.dll+0x3d4a21]
C  [jli.dll+0x536b]
C  [ucrtbase.dll+0x21bb2]
C  [KERNEL32.DLL+0x174b4]
C  [ntdll.dll+0x526a1]


---------------  P R O C E S S  ---------------

Threads class SMR info:
_java_thread_list=0x000001e953e72e90, length=0, elements={
}

Java Threads: ( => current thread )

Other Threads:
  0x000001e954054800 GCTaskThread "GC Thread#0" [stack: 0x0000005ab5800000,0x0000005ab5900000] [id=19060]
  0x000001e9540af800 ConcurrentGCThread "G1 Main Marker" [stack: 0x0000005ab5900000,0x0000005ab5a00000] [id=10164]
  0x000001e9540b2000 ConcurrentGCThread "G1 Conc#0" [stack: 0x0000005ab5a00000,0x0000005ab5b00000] [id=11836]

[error occurred during error reporting (printing all threads), id 0xc0000005, EXCEPTION_ACCESS_VIOLATION (0xc0000005) at pc=0x00007ff94b7b3dd7]

VM state:not at safepoint (not fully initialized)

VM Mutex/Monitor currently owned by a thread:  ([mutex/lock_event])
[0x000001e953f4a000] Heap_lock - owner thread: 0x000001e953f4e000

Heap address: 0x0000000702e00000, size: 4050 MB, Compressed Oops mode: Non-zero based: 0x0000000702e00000
Narrow klass base: 0x0000000000000000, Narrow klass shift: 0

GC Heap History (0 events):
No events

Deoptimization events (0 events):
No events

Classes redefined (0 events):
No events

Internal exceptions (0 events):
No events

Events (1 events):
Event: 0.006 Loaded shared library D:\Program Files\Android Studio\jre\bin\zip.dll


Dynamic libraries:
0x00007ff616a60000 - 0x00007ff616a6a000 	D:\Program Files\Android Studio\jre\bin\java.exe
0x00007ff9b4550000 - 0x00007ff9b4748000 	C:\WINDOWS\SYSTEM32\ntdll.dll
0x00007ff9b4010000 - 0x00007ff9b40cf000 	C:\WINDOWS\System32\KERNEL32.DLL
0x00007ff9b1c50000 - 0x00007ff9b1f22000 	C:\WINDOWS\System32\KERNELBASE.dll
0x00007ff9b2290000 - 0x00007ff9b2390000 	C:\WINDOWS\System32\ucrtbase.dll
0x00007ff97f910000 - 0x00007ff97f929000 	D:\Program Files\Android Studio\jre\bin\jli.dll
0x00007ff97f040000 - 0x00007ff97f057000 	D:\Program Files\Android Studio\jre\bin\VCRUNTIME140.dll
0x00007ff9b29a0000 - 0x00007ff9b2b3d000 	C:\WINDOWS\System32\USER32.dll
0x00007ff9b2570000 - 0x00007ff9b2592000 	C:\WINDOWS\System32\win32u.dll
0x00007ff9a3ae0000 - 0x00007ff9a3d7a000 	C:\WINDOWS\WinSxS\amd64_microsoft.windows.common-controls_6595b64144ccf1df_6.0.19041.1110_none_60b5254171f9507e\COMCTL32.dll
0x00007ff9b2710000 - 0x00007ff9b273b000 	C:\WINDOWS\System32\GDI32.dll
0x00007ff9b3d90000 - 0x00007ff9b3e2e000 	C:\WINDOWS\System32\msvcrt.dll
0x00007ff9b1f30000 - 0x00007ff9b203f000 	C:\WINDOWS\System32\gdi32full.dll
0x00007ff9b2390000 - 0x00007ff9b242d000 	C:\WINDOWS\System32\msvcp_win.dll
0x00007ff9b26d0000 - 0x00007ff9b2702000 	C:\WINDOWS\System32\IMM32.DLL
0x00007ff970ec0000 - 0x00007ff970f5d000 	D:\Program Files\Android Studio\jre\bin\msvcp140.dll
0x00007ff94b4c0000 - 0x00007ff94bfc2000 	D:\Program Files\Android Studio\jre\bin\server\jvm.dll
0x00007ff9b3f60000 - 0x00007ff9b400e000 	C:\WINDOWS\System32\ADVAPI32.dll
0x00007ff9b25a0000 - 0x00007ff9b263c000 	C:\WINDOWS\System32\sechost.dll
0x00007ff9b3e30000 - 0x00007ff9b3f55000 	C:\WINDOWS\System32\RPCRT4.dll
0x00007ff9b3300000 - 0x00007ff9b3308000 	C:\WINDOWS\System32\PSAPI.DLL
0x00007ff992300000 - 0x00007ff992309000 	C:\WINDOWS\SYSTEM32\WSOCK32.dll
0x00007ff9a6f50000 - 0x00007ff9a6f5a000 	C:\WINDOWS\SYSTEM32\VERSION.dll
0x00007ff99a830000 - 0x00007ff99a857000 	C:\WINDOWS\SYSTEM32\WINMM.dll
0x00007ff9b2930000 - 0x00007ff9b299b000 	C:\WINDOWS\System32\WS2_32.dll
0x00007ff9b04a0000 - 0x00007ff9b04b2000 	C:\WINDOWS\SYSTEM32\kernel.appcore.dll
0x00007ff98b190000 - 0x00007ff98b1a1000 	D:\Program Files\Android Studio\jre\bin\verify.dll
0x00007ff9ac920000 - 0x00007ff9acb04000 	C:\WINDOWS\SYSTEM32\DBGHELP.DLL
0x00007ff9a1390000 - 0x00007ff9a13bc000 	C:\WINDOWS\SYSTEM32\dbgcore.DLL
0x00007ff9b2430000 - 0x00007ff9b24b2000 	C:\WINDOWS\System32\bcryptPrimitives.dll
0x00007ff98b020000 - 0x00007ff98b049000 	D:\Program Files\Android Studio\jre\bin\java.dll
0x00007ff9a9420000 - 0x00007ff9a942b000 	D:\Program Files\Android Studio\jre\bin\jimage.dll
0x00007ff9830e0000 - 0x00007ff9830f8000 	D:\Program Files\Android Studio\jre\bin\zip.dll

dbghelp: loaded successfully - version: 4.0.5 - missing functions: none
symbol engine: initialized successfully - sym options: 0x614 - pdb path: .;D:\Program Files\Android Studio\jre\bin;C:\WINDOWS\SYSTEM32;C:\WINDOWS\WinSxS\amd64_microsoft.windows.common-controls_6595b64144ccf1df_6.0.19041.1110_none_60b5254171f9507e;D:\Program Files\Android Studio\jre\bin\server

VM Arguments:
java_command: org.jetbrains.kotlin.cli.jvm.K2JVMCompiler @D:\Projects\Android-Studio\RecyclerViewkotlin\app\build\20221205_6826007374331763993.compiler.options
java_class_path (initial): C:\Users\REN\.gradle\caches\modules-2\files-2.1\org.jetbrains.kotlin\kotlin-compiler-embeddable\1.7.10\909803167c98606fcf22b4c848647c68e351d48d\kotlin-compiler-embeddable-1.7.10.jar;C:\Users\REN\.gradle\caches\modules-2\files-2.1\org.jetbrains.kotlin\kotlin-reflect\1.7.10\165e600dfea6185cf5efa700756294cc4904dbeb\kotlin-reflect-1.7.10.jar;C:\Users\REN\.gradle\caches\modules-2\files-2.1\org.jetbrains.kotlin\kotlin-stdlib\1.7.10\d2abf9e77736acc4450dc4a3f707fa2c10f5099d\kotlin-stdlib-1.7.10.jar;C:\Users\REN\.gradle\caches\modules-2\files-2.1\org.jetbrains.kotlin\kotlin-script-runtime\1.7.10\c99c87a6988d8fd8d5142e9ed5c9f34a7cf561ee\kotlin-script-runtime-1.7.10.jar;C:\Users\REN\.gradle\caches\modules-2\files-2.1\org.jetbrains.kotlin\kotlin-daemon-embeddable\1.7.10\3a9f7aef7080d3ae63126cbba4f827ed664f32fa\kotlin-daemon-embeddable-1.7.10.jar;C:\Users\REN\.gradle\caches\modules-2\files-2.1\org.jetbrains.intellij.deps\trove4j\1.0.20200330\3afb14d5f9ceb459d724e907a21145e8ff394f02\trove4j-1.0.20200330.jar;C:\Users\REN\.gradle\caches\modules-2\files-2.1\net.java.dev.jna\jna\5.6.0\330f2244e9030119ab3030fc3fededc86713d9cc\jna-5.6.0.jar;C:\Users\REN\.gradle\caches\modules-2\files-2.1\org.jetbrains.kotlin\kotlin-stdlib-common\1.7.10\bac80c520d0a9e3f3673bc2658c6ed02ef45a76a\kotlin-stdlib-common-1.7.10.jar;C:\Users\REN\.gradle\caches\modules-2\files-2.1\org.jetbrains\annotations\13.0\919f0dfe192fb4e063e7dacadee7f8bb9a2672a9\annotations-13.0.jar
Launcher Type: SUN_STANDARD

[Global flags]
     intx CICompilerCount                          = 4                                         {product} {ergonomic}
     uint ConcGCThreads                            = 2                                         {product} {ergonomic}
     uint G1ConcRefinementThreads                  = 8                                         {product} {ergonomic}
   size_t G1HeapRegionSize                         = 1048576                                   {product} {ergonomic}
    uintx GCDrainStackTargetSize                   = 64                                        {product} {ergonomic}
   size_t InitialHeapSize                          = 266338304                                 {product} {ergonomic}
   size_t MarkStackSize                            = 4194304                                   {product} {ergonomic}
   size_t MaxHeapSize                              = 4246732800                                {product} {ergonomic}
   size_t MinHeapDeltaBytes                        = 1048576                                   {product} {ergonomic}
    uintx NonNMethodCodeHeapSize                   = 5836300                                {pd product} {ergonomic}
    uintx NonProfiledCodeHeapSize                  = 122910970                              {pd product} {ergonomic}
    uintx ProfiledCodeHeapSize                     = 122910970                              {pd product} {ergonomic}
    uintx ReservedCodeCacheSize                    = 251658240                              {pd product} {ergonomic}
     bool SegmentedCodeCache                       = true                                      {product} {ergonomic}
     bool UseCompressedClassPointers               = true                                 {lp64_product} {ergonomic}
     bool UseCompressedOops                        = true                                 {lp64_product} {ergonomic}
     bool UseG1GC                                  = true                                      {product} {ergonomic}
     bool UseLargePagesIndividualAllocation        = false                                  {pd product} {ergonomic}

Logging:
Log output configuration:
 #0: stdout all=warning uptime,level,tags
 #1: stderr all=off uptime,level,tags

Environment Variables:
JAVA_HOME=D:\dev\.jdks\openjdk-17
PATH=C:\Windows\system32;C:\Windows;C:\Windows\System32\Wbem;C:\Windows\System32\WindowsPowerShell\v1.0\;C:\Windows\System32\OpenSSH\;C:\Program Files (x86)\NVIDIA Corporation\PhysX\Common;C:\Program Files\Intel\WiFi\bin\;C:\Program Files\Common Files\Intel\WirelessCommon\;C:\WINDOWS\system32;C:\WINDOWS;C:\WINDOWS\System32\Wbem;C:\WINDOWS\System32\WindowsPowerShell\v1.0\;C:\WINDOWS\System32\OpenSSH\;C:\Program Files\Java\jdk-13\bin;C:\Program Files\Git\cmd;C:\Users\REN\flutter\bin;C:\Program Files\PuTTY\;C:\xampp\php;C:\ProgramData\ComposerSetup\bin;D:\Program Files\WinSCP\;C:\Users\REN\chromedriver;C:\Users\REN\geckodriver;C:\Program Files\MongoDB\Server\4.2\bin;C:\HashiCorp\Vagrant\bin;D:\Program Files\swipl\bin;D:\Program Files\Microstraregy\Workstation\DataServices\11.0.11+9\64-bit\bin\server;C:\Program Files\nodejs\;D:\dev\.jdks\openjdk-17\bin;D:\dev\elasticsearch\bin;C:\Users\REN\AppData\Local\Programs\Python\Python38-32\Scripts\;C:\Users\REN\AppData\Local\Programs\Python\Python38-32\;C:\Users\REN\AppData\Local\Microsoft\WindowsApps;C:\Users\REN\AppData\Local\Programs\Microsoft VS Code\bin;C:\Users\REN\AppData\Local\Microsoft\WindowsApps;C:\Users\REN\AppData\Roaming\Composer\vendor\bin;C:\Users\REN\chromedriver;C:\Users\REN\geckodriver;D:\Program Files\JetBrains\IntelliJ IDEA 2019.3\bin;C:\Program Files\MongoDB\Server\4.2\bin;C:\Users\REN\go\bin;D:\Program Files\JetBrains\DataGrip 2020.3\bin;;D:\Program Files\JetBrains\IntelliJ IDEA 2020.3.2\bin;;D:\Program Files\apache-maven-3.6.3\bin;D:\Program Files\JetBrains\PyCharm 2020.3.3\bin;;D:\dev\.jdks\openjdk-17\bin;C:\Users\REN\AppData\Roaming\npm;D:\dev\Heroku\bin;
USERNAME=REN
OS=Windows_NT
PROCESSOR_IDENTIFIER=Intel64 Family 6 Model 142 Stepping 11, GenuineIntel



---------------  S Y S T E M  ---------------

OS: Windows 10 , 64 bit Build 19041 (10.0.19041.2251)
OS uptime: 4 days 5:09 hours

CPU:total 8 (initial active 8) (4 cores per cpu, 2 threads per core) family 6 model 142 stepping 11 microcode 0xca, cmov, cx8, fxsr, mmx, sse, sse2, sse3, ssse3, sse4.1, sse4.2, popcnt, avx, avx2, aes, clmul, erms, 3dnowpref, lzcnt, ht, tsc, tscinvbit, bmi1, bmi2, adx, fma

Memory: 4k page, system-wide physical 16198M (632M free)
TotalPageFile size 29510M (AvailPageFile size 4M)
current process WorkingSet (physical memory assigned to process): 10M, peak: 10M
current process commit charge ("private bytes"): 316M, peak: 316M

vm_info: OpenJDK 64-Bit Server VM (11.0.13+0-b1751.21-8125866) for windows-amd64 JRE (11.0.13+0-b1751.21-8125866), built on Feb  2 2022 03:00:22 by "builder" with MS VC++ 14.0 (VS2015)

END.
